\BOOKMARK [1][-]{section.1}{Introdu\347\343o}{}% 1
\BOOKMARK [2][-]{subsection.1.1}{Organiza\347\343o do relat\363rio}{section.1}% 2
\BOOKMARK [1][-]{section.2}{Formula\347\343o do problema}{}% 3
\BOOKMARK [2][-]{subsection.2.1}{Problema Estudado}{section.2}% 4
\BOOKMARK [3][-]{subsubsection.2.1.1}{Objetivos Gerais}{subsection.2.1}% 5
\BOOKMARK [2][-]{subsection.2.2}{Estado da Arte}{section.2}% 6
\BOOKMARK [2][-]{subsection.2.3}{An\341lise}{section.2}% 7
\BOOKMARK [2][-]{subsection.2.4}{Requisitos Funcionais}{section.2}% 8
\BOOKMARK [1][-]{section.3}{Modelo de Arquitetura}{}% 9
\BOOKMARK [2][-]{subsection.3.1}{Arquitetura Geral}{section.3}% 10
\BOOKMARK [2][-]{subsection.3.2}{Stack Tecnol\363gico}{section.3}% 11
\BOOKMARK [2][-]{subsection.3.3}{API}{section.3}% 12
\BOOKMARK [2][-]{subsection.3.4}{Aplica\347\343o Mobile}{section.3}% 13
\BOOKMARK [2][-]{subsection.3.5}{Aplica\347\343o Web}{section.3}% 14
\BOOKMARK [2][-]{subsection.3.6}{Tecnologias e ferramentas}{section.3}% 15
\BOOKMARK [1][-]{section.4}{API}{}% 16
\BOOKMARK [2][-]{subsection.4.1}{Conceptualiza\347\343o}{section.4}% 17
\BOOKMARK [2][-]{subsection.4.2}{Opera\347\365es}{section.4}% 18
\BOOKMARK [2][-]{subsection.4.3}{Arquitetura}{section.4}% 19
\BOOKMARK [3][-]{subsubsection.4.3.1}{Controladores}{subsection.4.3}% 20
\BOOKMARK [3][-]{subsubsection.4.3.2}{Servi\347os}{subsection.4.3}% 21
\BOOKMARK [3][-]{subsubsection.4.3.3}{Reposit\363rios}{subsection.4.3}% 22
\BOOKMARK [3][-]{subsubsection.4.3.4}{Autentica\347\343o}{subsection.4.3}% 23
\BOOKMARK [2][-]{subsection.4.4}{Base de dados}{section.4}% 24
\BOOKMARK [2][-]{subsection.4.5}{Implanta\347\343o da API}{section.4}% 25
\BOOKMARK [1][-]{section.5}{Mobile App}{}% 26
\BOOKMARK [2][-]{subsection.5.1}{Navegabilidade e utiliza\347\343o da App}{section.5}% 27
\BOOKMARK [2][-]{subsection.5.2}{Sess\343o}{section.5}% 28
\BOOKMARK [2][-]{subsection.5.3}{Arquitetura}{section.5}% 29
\BOOKMARK [3][-]{subsubsection.5.3.1}{User Interface}{subsection.5.3}% 30
\BOOKMARK [3][-]{subsubsection.5.3.2}{API}{subsection.5.3}% 31
\BOOKMARK [3][-]{subsubsection.5.3.3}{Implementa\347\343o de Sess\343o}{subsection.5.3}% 32
\BOOKMARK [3][-]{subsubsection.5.3.4}{Modelo}{subsection.5.3}% 33
\BOOKMARK [1][-]{section.6}{Web App}{}% 34
\BOOKMARK [2][-]{subsection.6.1}{Utiliza\347\343o da Web App}{section.6}% 35
\BOOKMARK [2][-]{subsection.6.2}{Arquitetura}{section.6}% 36
\BOOKMARK [3][-]{subsubsection.6.2.1}{API}{subsection.6.2}% 37
\BOOKMARK [3][-]{subsubsection.6.2.2}{Componentes}{subsection.6.2}% 38
\BOOKMARK [3][-]{subsubsection.6.2.3}{Classe Principal}{subsection.6.2}% 39
\BOOKMARK [2][-]{subsection.6.3}{Implanta\347\343o da aplica\347\343o}{section.6}% 40
\BOOKMARK [1][-]{section.7}{Conclus\343o}{}% 41
\BOOKMARK [2][-]{subsection.7.1}{Trabalho futuro}{section.7}% 42
\BOOKMARK [1][-]{section.8}{Refer\352ncias}{}% 43
